# JRE version: OpenJDK Runtime Environment (8.0_242-b01) (build 1.8.0_242-release-1644-b01)
# Java VM: OpenJDK 64-Bit Server VM (25.242-b01 mixed mode windows-amd64 compressed oops)
Heap:
 PSYoungGen      total 216576K, used 49094K [0x00000000e0000000, 0x00000000eff00000, 0x0000000100000000)
  eden space 190976K, 12% used [0x00000000e0000000,0x00000000e16f69f8,0x00000000eba80000)
  from space 25600K, 99% used [0x00000000edb80000,0x00000000ef47af28,0x00000000ef480000)
  to   space 33792K, 0% used [0x00000000eba80000,0x00000000eba80000,0x00000000edb80000)
 ParOldGen       total 140800K, used 49916K [0x00000000a0000000, 0x00000000a8980000, 0x00000000e0000000)
  object space 140800K, 35% used [0x00000000a0000000,0x00000000a30bf348,0x00000000a8980000)
 Metaspace       used 69060K, capacity 72322K, committed 72488K, reserved 1112064K
  class space    used 9223K, capacity 9966K, committed 10024K, reserved 1048576K
GC Heap History (10 events):
Event: 11.597 GC heap before
{Heap before GC invocations=13 (full 2):
 PSYoungGen      total 150016K, used 149925K [0x00000000e0000000, 0x00000000ea980000, 0x0000000100000000)
  eden space 136704K, 100% used [0x00000000e0000000,0x00000000e8580000,0x00000000e8580000)
  from space 13312K, 99% used [0x00000000e9c80000,0x00000000ea969768,0x00000000ea980000)
  to   space 14848K, 0% used [0x00000000e8c80000,0x00000000e8c80000,0x00000000e9b00000)
 ParOldGen       total 89600K, used 18441K [0x00000000a0000000, 0x00000000a5780000, 0x00000000e0000000)
  object space 89600K, 20% used [0x00000000a0000000,0x00000000a12026a0,0x00000000a5780000)
 Metaspace       used 52797K, capacity 54242K, committed 54568K, reserved 1095680K
  class space    used 7184K, capacity 7597K, committed 7720K, reserved 1048576K
Event: 11.621 GC heap after
Heap after GC invocations=13 (full 2):
 PSYoungGen      total 158720K, used 14825K [0x00000000e0000000, 0x00000000ece80000, 0x0000000100000000)
  eden space 143872K, 0% used [0x00000000e0000000,0x00000000e0000000,0x00000000e8c80000)
  from space 14848K, 99% used [0x00000000e8c80000,0x00000000e9afa4c0,0x00000000e9b00000)
  to   space 18432K, 0% used [0x00000000ebc80000,0x00000000ebc80000,0x00000000ece80000)
 ParOldGen       total 89600K, used 23331K [0x00000000a0000000, 0x00000000a5780000, 0x00000000e0000000)
  object space 89600K, 26% used [0x00000000a0000000,0x00000000a16c8e68,0x00000000a5780000)
 Metaspace       used 52797K, capacity 54242K, committed 54568K, reserved 1095680K
  class space    used 7184K, capacity 7597K, committed 7720K, reserved 1048576K
}
Event: 13.434 GC heap before
{Heap before GC invocations=14 (full 2):
 PSYoungGen      total 158720K, used 126981K [0x00000000e0000000, 0x00000000ece80000, 0x0000000100000000)
  eden space 143872K, 77% used [0x00000000e0000000,0x00000000e6d87080,0x00000000e8c80000)
  from space 14848K, 99% used [0x00000000e8c80000,0x00000000e9afa4c0,0x00000000e9b00000)
  to   space 18432K, 0% used [0x00000000ebc80000,0x00000000ebc80000,0x00000000ece80000)
 ParOldGen       total 89600K, used 23331K [0x00000000a0000000, 0x00000000a5780000, 0x00000000e0000000)
  object space 89600K, 26% used [0x00000000a0000000,0x00000000a16c8e68,0x00000000a5780000)
 Metaspace       used 57167K, capacity 59066K, committed 59160K, reserved 1099776K
  class space    used 7788K, capacity 8326K, committed 8360K, reserved 1048576K
Event: 13.497 GC heap after
Heap after GC invocations=14 (full 2):
 PSYoungGen      total 188416K, used 18428K [0x00000000e0000000, 0x00000000ee800000, 0x0000000100000000)
  eden space 169984K, 0% used [0x00000000e0000000,0x00000000e0000000,0x00000000ea600000)
  from space 18432K, 99% used [0x00000000ebc80000,0x00000000ece7f2a8,0x00000000ece80000)
  to   space 23040K, 0% used [0x00000000ea600000,0x00000000ea600000,0x00000000ebc80000)
 ParOldGen       total 89600K, used 29183K [0x00000000a0000000, 0x00000000a5780000, 0x00000000e0000000)
  object space 89600K, 32% used [0x00000000a0000000,0x00000000a1c7ffa8,0x00000000a5780000)
 Metaspace       used 57167K, capacity 59066K, committed 59160K, reserved 1099776K
  class space    used 7788K, capacity 8326K, committed 8360K, reserved 1048576K
}
Event: 13.497 GC heap before
{Heap before GC invocations=15 (full 3):
 PSYoungGen      total 188416K, used 18428K [0x00000000e0000000, 0x00000000ee800000, 0x0000000100000000)
  eden space 169984K, 0% used [0x00000000e0000000,0x00000000e0000000,0x00000000ea600000)
  from space 18432K, 99% used [0x00000000ebc80000,0x00000000ece7f2a8,0x00000000ece80000)
  to   space 23040K, 0% used [0x00000000ea600000,0x00000000ea600000,0x00000000ebc80000)
 ParOldGen       total 89600K, used 29183K [0x00000000a0000000, 0x00000000a5780000, 0x00000000e0000000)
  object space 89600K, 32% used [0x00000000a0000000,0x00000000a1c7ffa8,0x00000000a5780000)
 Metaspace       used 57167K, capacity 59066K, committed 59160K, reserved 1099776K
  class space    used 7788K, capacity 8326K, committed 8360K, reserved 1048576K
Event: 14.033 GC heap after
Heap after GC invocations=15 (full 3):
 PSYoungGen      total 188416K, used 0K [0x00000000e0000000, 0x00000000ee800000, 0x0000000100000000)
  eden space 169984K, 0% used [0x00000000e0000000,0x00000000e0000000,0x00000000ea600000)
  from space 18432K, 0% used [0x00000000ebc80000,0x00000000ebc80000,0x00000000ece80000)
  to   space 23040K, 0% used [0x00000000ea600000,0x00000000ea600000,0x00000000ebc80000)
 ParOldGen       total 140800K, used 38744K [0x00000000a0000000, 0x00000000a8980000, 0x00000000e0000000)
  object space 140800K, 27% used [0x00000000a0000000,0x00000000a25d6040,0x00000000a8980000)
 Metaspace       used 57167K, capacity 59066K, committed 59160K, reserved 1099776K
  class space    used 7788K, capacity 8326K, committed 8360K, reserved 1048576K
}
Event: 18.376 GC heap before
{Heap before GC invocations=16 (full 3):
 PSYoungGen      total 188416K, used 169984K [0x00000000e0000000, 0x00000000ee800000, 0x0000000100000000)
  eden space 169984K, 100% used [0x00000000e0000000,0x00000000ea600000,0x00000000ea600000)
  from space 18432K, 0% used [0x00000000ebc80000,0x00000000ebc80000,0x00000000ece80000)
  to   space 23040K, 0% used [0x00000000ea600000,0x00000000ea600000,0x00000000ebc80000)
 ParOldGen       total 140800K, used 38744K [0x00000000a0000000, 0x00000000a8980000, 0x00000000e0000000)
  object space 140800K, 27% used [0x00000000a0000000,0x00000000a25d6040,0x00000000a8980000)
 Metaspace       used 64054K, capacity 66940K, committed 67112K, reserved 1107968K
  class space    used 8808K, capacity 9504K, committed 9512K, reserved 1048576K
Event: 18.401 GC heap after
Heap after GC invocations=16 (full 3):
 PSYoungGen      total 193024K, used 20756K [0x00000000e0000000, 0x00000000ef480000, 0x0000000100000000)
  eden space 169984K, 0% used [0x00000000e0000000,0x00000000e0000000,0x00000000ea600000)
  from space 23040K, 90% used [0x00000000ea600000,0x00000000eba45170,0x00000000ebc80000)
  to   space 25600K, 0% used [0x00000000edb80000,0x00000000edb80000,0x00000000ef480000)
 ParOldGen       total 140800K, used 38752K [0x00000000a0000000, 0x00000000a8980000, 0x00000000e0000000)
  object space 140800K, 27% used [0x00000000a0000000,0x00000000a25d8040,0x00000000a8980000)
 Metaspace       used 64054K, capacity 66940K, committed 67112K, reserved 1107968K
  class space    used 8808K, capacity 9504K, committed 9512K, reserved 1048576K
}
Event: 599.789 GC heap before
{Heap before GC invocations=17 (full 3):
 PSYoungGen      total 193024K, used 190740K [0x00000000e0000000, 0x00000000ef480000, 0x0000000100000000)
  eden space 169984K, 100% used [0x00000000e0000000,0x00000000ea600000,0x00000000ea600000)
  from space 23040K, 90% used [0x00000000ea600000,0x00000000eba45170,0x00000000ebc80000)
  to   space 25600K, 0% used [0x00000000edb80000,0x00000000edb80000,0x00000000ef480000)
 ParOldGen       total 140800K, used 38752K [0x00000000a0000000, 0x00000000a8980000, 0x00000000e0000000)
  object space 140800K, 27% used [0x00000000a0000000,0x00000000a25d8040,0x00000000a8980000)
 Metaspace       used 69034K, capacity 72252K, committed 72488K, reserved 1112064K
  class space    used 9222K, capacity 9965K, committed 10024K, reserved 1048576K
Event: 599.927 GC heap after
Heap after GC invocations=17 (full 3):
 PSYoungGen      total 216576K, used 25579K [0x00000000e0000000, 0x00000000eff00000, 0x0000000100000000)
  eden space 190976K, 0% used [0x00000000e0000000,0x00000000e0000000,0x00000000eba80000)
  from space 25600K, 99% used [0x00000000edb80000,0x00000000ef47af28,0x00000000ef480000)
  to   space 33792K, 0% used [0x00000000eba80000,0x00000000eba80000,0x00000000edb80000)
 ParOldGen       total 140800K, used 49916K [0x00000000a0000000, 0x00000000a8980000, 0x00000000e0000000)
  object space 140800K, 35% used [0x00000000a0000000,0x00000000a30bf348,0x00000000a8980000)
 Metaspace       used 69034K, capacity 72252K, committed 72488K, reserved 1112064K
  class space    used 9222K, capacity 9965K, committed 10024K, reserved 1048576K
}

