# JRE version: OpenJDK Runtime Environment (8.0_242-b01) (build 1.8.0_242-release-1644-b01)
# Java VM: OpenJDK 64-Bit Server VM (25.242-b01 mixed mode windows-amd64 compressed oops)
Heap:
 PSYoungGen      total 246784K, used 96062K [0x00000000e0000000, 0x00000000f4c00000, 0x0000000100000000)
  eden space 197632K, 23% used [0x00000000e0000000,0x00000000e2debb70,0x00000000ec100000)
  from space 49152K, 99% used [0x00000000f1c00000,0x00000000f4be4030,0x00000000f4c00000)
  to   space 62464K, 0% used [0x00000000ed200000,0x00000000ed200000,0x00000000f0f00000)
 ParOldGen       total 311808K, used 135660K [0x00000000a0000000, 0x00000000b3080000, 0x00000000e0000000)
  object space 311808K, 43% used [0x00000000a0000000,0x00000000a847b168,0x00000000b3080000)
 Metaspace       used 75391K, capacity 78912K, committed 79192K, reserved 1118208K
  class space    used 10014K, capacity 10832K, committed 10880K, reserved 1048576K
GC Heap History (10 events):
Event: 14.478 GC heap before
{Heap before GC invocations=16 (full 3):
 PSYoungGen      total 194560K, used 177664K [0x00000000e0000000, 0x00000000ed500000, 0x0000000100000000)
  eden space 177664K, 100% used [0x00000000e0000000,0x00000000ead80000,0x00000000ead80000)
  from space 16896K, 0% used [0x00000000ebd80000,0x00000000ebd80000,0x00000000ece00000)
  to   space 16384K, 0% used [0x00000000ead80000,0x00000000ead80000,0x00000000ebd80000)
 ParOldGen       total 141312K, used 37987K [0x00000000a0000000, 0x00000000a8a00000, 0x00000000e0000000)
  object space 141312K, 26% used [0x00000000a0000000,0x00000000a2518f68,0x00000000a8a00000)
 Metaspace       used 63960K, capacity 67092K, committed 67160K, reserved 1107968K
  class space    used 8836K, capacity 9567K, committed 9600K, reserved 1048576K
Event: 14.505 GC heap after
Heap after GC invocations=16 (full 3):
 PSYoungGen      total 194048K, used 16372K [0x00000000e0000000, 0x00000000ef400000, 0x0000000100000000)
  eden space 177664K, 0% used [0x00000000e0000000,0x00000000e0000000,0x00000000ead80000)
  from space 16384K, 99% used [0x00000000ead80000,0x00000000ebd7d040,0x00000000ebd80000)
  to   space 20480K, 0% used [0x00000000ee000000,0x00000000ee000000,0x00000000ef400000)
 ParOldGen       total 141312K, used 42769K [0x00000000a0000000, 0x00000000a8a00000, 0x00000000e0000000)
  object space 141312K, 30% used [0x00000000a0000000,0x00000000a29c47c0,0x00000000a8a00000)
 Metaspace       used 63960K, capacity 67092K, committed 67160K, reserved 1107968K
  class space    used 8836K, capacity 9567K, committed 9600K, reserved 1048576K
}
Event: 38.726 GC heap before
{Heap before GC invocations=17 (full 3):
 PSYoungGen      total 194048K, used 193362K [0x00000000e0000000, 0x00000000ef400000, 0x0000000100000000)
  eden space 177664K, 99% used [0x00000000e0000000,0x00000000eacd7840,0x00000000ead80000)
  from space 16384K, 99% used [0x00000000ead80000,0x00000000ebd7d040,0x00000000ebd80000)
  to   space 20480K, 0% used [0x00000000ee000000,0x00000000ee000000,0x00000000ef400000)
 ParOldGen       total 141312K, used 42769K [0x00000000a0000000, 0x00000000a8a00000, 0x00000000e0000000)
  object space 141312K, 30% used [0x00000000a0000000,0x00000000a29c47c0,0x00000000a8a00000)
 Metaspace       used 70399K, capacity 74020K, committed 74328K, reserved 1114112K
  class space    used 9681K, capacity 10498K, committed 10624K, reserved 1048576K
Event: 38.749 GC heap after
Heap after GC invocations=17 (full 3):
 PSYoungGen      total 221184K, used 17634K [0x00000000e0000000, 0x00000000ef180000, 0x0000000100000000)
  eden space 203264K, 0% used [0x00000000e0000000,0x00000000e0000000,0x00000000ec680000)
  from space 17920K, 98% used [0x00000000ee000000,0x00000000ef138938,0x00000000ef180000)
  to   space 22016K, 0% used [0x00000000ec680000,0x00000000ec680000,0x00000000edc00000)
 ParOldGen       total 141312K, used 58423K [0x00000000a0000000, 0x00000000a8a00000, 0x00000000e0000000)
  object space 141312K, 41% used [0x00000000a0000000,0x00000000a390dd20,0x00000000a8a00000)
 Metaspace       used 70399K, capacity 74020K, committed 74328K, reserved 1114112K
  class space    used 9681K, capacity 10498K, committed 10624K, reserved 1048576K
}
Event: 40.902 GC heap before
{Heap before GC invocations=18 (full 3):
 PSYoungGen      total 221184K, used 205403K [0x00000000e0000000, 0x00000000ef180000, 0x0000000100000000)
  eden space 203264K, 92% used [0x00000000e0000000,0x00000000eb75e468,0x00000000ec680000)
  from space 17920K, 98% used [0x00000000ee000000,0x00000000ef138938,0x00000000ef180000)
  to   space 22016K, 0% used [0x00000000ec680000,0x00000000ec680000,0x00000000edc00000)
 ParOldGen       total 141312K, used 58423K [0x00000000a0000000, 0x00000000a8a00000, 0x00000000e0000000)
  object space 141312K, 41% used [0x00000000a0000000,0x00000000a390dd20,0x00000000a8a00000)
 Metaspace       used 70740K, capacity 74406K, committed 74584K, reserved 1114112K
  class space    used 9741K, capacity 10575K, committed 10624K, reserved 1048576K
Event: 40.936 GC heap after
Heap after GC invocations=18 (full 3):
 PSYoungGen      total 225280K, used 22012K [0x00000000e0000000, 0x00000000f5180000, 0x0000000100000000)
  eden space 203264K, 0% used [0x00000000e0000000,0x00000000e0000000,0x00000000ec680000)
  from space 22016K, 99% used [0x00000000ec680000,0x00000000edbff228,0x00000000edc00000)
  to   space 54784K, 0% used [0x00000000f1c00000,0x00000000f1c00000,0x00000000f5180000)
 ParOldGen       total 141312K, used 139109K [0x00000000a0000000, 0x00000000a8a00000, 0x00000000e0000000)
  object space 141312K, 98% used [0x00000000a0000000,0x00000000a87d9620,0x00000000a8a00000)
 Metaspace       used 70740K, capacity 74406K, committed 74584K, reserved 1114112K
  class space    used 9741K, capacity 10575K, committed 10624K, reserved 1048576K
}
Event: 40.936 GC heap before
{Heap before GC invocations=19 (full 4):
 PSYoungGen      total 225280K, used 22012K [0x00000000e0000000, 0x00000000f5180000, 0x0000000100000000)
  eden space 203264K, 0% used [0x00000000e0000000,0x00000000e0000000,0x00000000ec680000)
  from space 22016K, 99% used [0x00000000ec680000,0x00000000edbff228,0x00000000edc00000)
  to   space 54784K, 0% used [0x00000000f1c00000,0x00000000f1c00000,0x00000000f5180000)
 ParOldGen       total 141312K, used 139109K [0x00000000a0000000, 0x00000000a8a00000, 0x00000000e0000000)
  object space 141312K, 98% used [0x00000000a0000000,0x00000000a87d9620,0x00000000a8a00000)
 Metaspace       used 70740K, capacity 74406K, committed 74584K, reserved 1114112K
  class space    used 9741K, capacity 10575K, committed 10624K, reserved 1048576K
Event: 41.065 GC heap after
Heap after GC invocations=19 (full 4):
 PSYoungGen      total 225280K, used 0K [0x00000000e0000000, 0x00000000f5180000, 0x0000000100000000)
  eden space 203264K, 0% used [0x00000000e0000000,0x00000000e0000000,0x00000000ec680000)
  from space 22016K, 0% used [0x00000000ec680000,0x00000000ec680000,0x00000000edc00000)
  to   space 54784K, 0% used [0x00000000f1c00000,0x00000000f1c00000,0x00000000f5180000)
 ParOldGen       total 311808K, used 135652K [0x00000000a0000000, 0x00000000b3080000, 0x00000000e0000000)
  object space 311808K, 43% used [0x00000000a0000000,0x00000000a8479168,0x00000000b3080000)
 Metaspace       used 70431K, capacity 73530K, committed 74584K, reserved 1114112K
  class space    used 9640K, capacity 10397K, committed 10624K, reserved 1048576K
}
Event: 1514.286 GC heap before
{Heap before GC invocations=20 (full 4):
 PSYoungGen      total 225280K, used 203264K [0x00000000e0000000, 0x00000000f5180000, 0x0000000100000000)
  eden space 203264K, 100% used [0x00000000e0000000,0x00000000ec680000,0x00000000ec680000)
  from space 22016K, 0% used [0x00000000ec680000,0x00000000ec680000,0x00000000edc00000)
  to   space 54784K, 0% used [0x00000000f1c00000,0x00000000f1c00000,0x00000000f5180000)
 ParOldGen       total 311808K, used 135652K [0x00000000a0000000, 0x00000000b3080000, 0x00000000e0000000)
  object space 311808K, 43% used [0x00000000a0000000,0x00000000a8479168,0x00000000b3080000)
 Metaspace       used 74997K, capacity 78516K, committed 78936K, reserved 1118208K
  class space    used 9977K, capacity 10798K, committed 10880K, reserved 1048576K
Event: 1514.432 GC heap after
Heap after GC invocations=20 (full 4):
 PSYoungGen      total 246784K, used 49040K [0x00000000e0000000, 0x00000000f4c00000, 0x0000000100000000)
  eden space 197632K, 0% used [0x00000000e0000000,0x00000000e0000000,0x00000000ec100000)
  from space 49152K, 99% used [0x00000000f1c00000,0x00000000f4be4030,0x00000000f4c00000)
  to   space 62464K, 0% used [0x00000000ed200000,0x00000000ed200000,0x00000000f0f00000)
 ParOldGen       total 311808K, used 135660K [0x00000000a0000000, 0x00000000b3080000, 0x00000000e0000000)
  object space 311808K, 43% used [0x00000000a0000000,0x00000000a847b168,0x00000000b3080000)
 Metaspace       used 74997K, capacity 78516K, committed 78936K, reserved 1118208K
  class space    used 9977K, capacity 10798K, committed 10880K, reserved 1048576K
}

